[    0.000000] Linux version 4.15.0-70-generic (buildd@lgw01-amd64-055) (gcc version 7.4.0 (Ubuntu 7.4.0-1ubuntu1~18.04.1)) #79-Ubuntu SMP Tue Nov 12 10:36:11 UTC 2019 (Ubuntu 4.15.0-70.79-generic 4.15.18)
[    0.000000] Command line: BOOT_IMAGE=/boot/vmlinuz-4.15.0-70-generic root=LABEL=cloudimg-rootfs ro console=tty1 console=ttyS0
[    0.000000] KERNEL supported cpus:
[    0.000000]   Intel GenuineIntel
[    0.000000]   AMD AuthenticAMD
[    0.000000]   Centaur CentaurHauls
[    0.000000] x86/fpu: Supporting XSAVE feature 0x001: 'x87 floating point registers'
[    0.000000] x86/fpu: Supporting XSAVE feature 0x002: 'SSE registers'
[    0.000000] x86/fpu: Supporting XSAVE feature 0x004: 'AVX registers'
[    0.000000] x86/fpu: xstate_offset[2]:  576, xstate_sizes[2]:  256
[    0.000000] x86/fpu: Enabled xstate features 0x7, context size is 832 bytes, using 'standard' format.
[    0.000000] e820: BIOS-provided physical RAM map:
[    0.000000] BIOS-e820: [mem 0x0000000000000000-0x000000000009fbff] usable
[    0.000000] BIOS-e820: [mem 0x000000000009fc00-0x000000000009ffff] reserved
[    0.000000] BIOS-e820: [mem 0x00000000000f0000-0x00000000000fffff] reserved
[    0.000000] BIOS-e820: [mem 0x0000000000100000-0x000000003ffeffff] usable
[    0.000000] BIOS-e820: [mem 0x000000003fff0000-0x000000003fffffff] ACPI data
[    0.000000] BIOS-e820: [mem 0x00000000fec00000-0x00000000fec00fff] reserved
[    0.000000] BIOS-e820: [mem 0x00000000fee00000-0x00000000fee00fff] reserved
[    0.000000] BIOS-e820: [mem 0x00000000fffc0000-0x00000000ffffffff] reserved
[    0.000000] NX (Execute Disable) protection: active
[    0.000000] SMBIOS 2.5 present.
[    0.000000] DMI: innotek GmbH VirtualBox/VirtualBox, BIOS VirtualBox 12/01/2006
[    0.000000] Hypervisor detected: KVM
[    0.000000] e820: last_pfn = 0x3fff0 max_arch_pfn = 0x400000000
[    0.000000] MTRR: Disabled
[    0.000000] x86/PAT: MTRRs disabled, skipping PAT initialization too.
[    0.000000] CPU MTRRs all blank - virtualized system.
[    0.000000] x86/PAT: Configuration [0-7]: WB  WT  UC- UC  WB  WT  UC- UC  
[    0.000000] found SMP MP-table at [mem 0x0009fff0-0x0009ffff]
[    0.000000] Scanning 1 areas for low memory corruption
[    0.000000] RAMDISK: [mem 0x35977000-0x36cb2fff]
[    0.000000] ACPI: Early table checksum verification disabled
[    0.000000] ACPI: RSDP 0x00000000000E0000 000024 (v02 VBOX  )
[    0.000000] ACPI: XSDT 0x000000003FFF0030 00003C (v01 VBOX   VBOXXSDT 00000001 ASL  00000061)
[    0.000000] ACPI: FACP 0x000000003FFF00F0 0000F4 (v04 VBOX   VBOXFACP 00000001 ASL  00000061)
[    0.000000] ACPI: DSDT 0x000000003FFF0470 0022EA (v02 VBOX   VBOXBIOS 00000002 INTL 20100528)
[    0.000000] ACPI: FACS 0x000000003FFF0200 000040
[    0.000000] ACPI: FACS 0x000000003FFF0200 000040
[    0.000000] ACPI: APIC 0x000000003FFF0240 00005C (v02 VBOX   VBOXAPIC 00000001 ASL  00000061)
[    0.000000] ACPI: SSDT 0x000000003FFF02A0 0001CC (v01 VBOX   VBOXCPUT 00000002 INTL 20100528)
[    0.000000] No NUMA configuration found
[    0.000000] Faking a node at [mem 0x0000000000000000-0x000000003ffeffff]
[    0.000000] NODE_DATA(0) allocated [mem 0x3ffc5000-0x3ffeffff]
[    0.000000] kvm-clock: cpu 0, msr 0:3ff44001, primary cpu clock
[    0.000000] kvm-clock: Using msrs 4b564d01 and 4b564d00
[    0.000000] kvm-clock: using sched offset of 4553091188 cycles
[    0.000000] clocksource: kvm-clock: mask: 0xffffffffffffffff max_cycles: 0x1cd42e4dffb, max_idle_ns: 881590591483 ns
[    0.000000] Zone ranges:
[    0.000000]   DMA      [mem 0x0000000000001000-0x0000000000ffffff]
[    0.000000]   DMA32    [mem 0x0000000001000000-0x000000003ffeffff]
[    0.000000]   Normal   empty
[    0.000000]   Device   empty
[    0.000000] Movable zone start for each node
[    0.000000] Early memory node ranges
[    0.000000]   node   0: [mem 0x0000000000001000-0x000000000009efff]
[    0.000000]   node   0: [mem 0x0000000000100000-0x000000003ffeffff]
[    0.000000] Reserved but unavailable: 98 pages
[    0.000000] Initmem setup node 0 [mem 0x0000000000001000-0x000000003ffeffff]
[    0.000000] ACPI: PM-Timer IO Port: 0x4008
[    0.000000] IOAPIC[0]: apic_id 2, version 32, address 0xfec00000, GSI 0-23
[    0.000000] ACPI: INT_SRC_OVR (bus 0 bus_irq 0 global_irq 2 dfl dfl)
[    0.000000] ACPI: INT_SRC_OVR (bus 0 bus_irq 9 global_irq 9 low level)
[    0.000000] Using ACPI (MADT) for SMP configuration information
[    0.000000] smpboot: Allowing 2 CPUs, 0 hotplug CPUs
[    0.000000] PM: Registered nosave memory: [mem 0x00000000-0x00000fff]
[    0.000000] PM: Registered nosave memory: [mem 0x0009f000-0x0009ffff]
[    0.000000] PM: Registered nosave memory: [mem 0x000a0000-0x000effff]
[    0.000000] PM: Registered nosave memory: [mem 0x000f0000-0x000fffff]
[    0.000000] e820: [mem 0x40000000-0xfebfffff] available for PCI devices
[    0.000000] Booting paravirtualized kernel on KVM
[    0.000000] clocksource: refined-jiffies: mask: 0xffffffff max_cycles: 0xffffffff, max_idle_ns: 7645519600211568 ns
[    0.000000] random: get_random_bytes called from start_kernel+0x99/0x4fd with crng_init=0
[    0.000000] setup_percpu: NR_CPUS:8192 nr_cpumask_bits:2 nr_cpu_ids:2 nr_node_ids:1
[    0.000000] percpu: Embedded 45 pages/cpu s147456 r8192 d28672 u1048576
[    0.000000] PV qspinlock hash table entries: 256 (order: 0, 4096 bytes)
[    0.000000] Built 1 zonelists, mobility grouping on.  Total pages: 257913
[    0.000000] Policy zone: DMA32
[    0.000000] Kernel command line: BOOT_IMAGE=/boot/vmlinuz-4.15.0-70-generic root=LABEL=cloudimg-rootfs ro console=tty1 console=ttyS0
[    0.000000] Memory: 982892K/1048120K available (12300K kernel code, 2481K rwdata, 4264K rodata, 2432K init, 2388K bss, 65228K reserved, 0K cma-reserved)
[    0.000000] SLUB: HWalign=64, Order=0-3, MinObjects=0, CPUs=2, Nodes=1
[    0.000000] Kernel/User page tables isolation: enabled
[    0.000000] ftrace: allocating 39315 entries in 154 pages
[    0.004000] Hierarchical RCU implementation.
[    0.004000] 	RCU restricting CPUs from NR_CPUS=8192 to nr_cpu_ids=2.
[    0.004000] 	Tasks RCU enabled.
[    0.004000] RCU: Adjusting geometry for rcu_fanout_leaf=16, nr_cpu_ids=2
[    0.004000] NR_IRQS: 524544, nr_irqs: 440, preallocated irqs: 16
[    0.004000] Console: colour VGA+ 80x25
[    0.004000] console [tty1] enabled
[    0.004000] console [ttyS0] enabled
[    0.004000] ACPI: Core revision 20170831
[    0.004000] ACPI: 2 ACPI AML tables successfully acquired and loaded
[    0.004000] APIC: Switch to symmetric I/O mode setup
[    0.004000] x2apic enabled
[    0.004000] Switched APIC routing to physical x2apic.
[    0.004000] ..TIMER: vector=0x30 apic1=0 pin1=2 apic2=-1 pin2=-1
[    0.004005] tsc: Detected 2399.998 MHz processor
[    0.008013] Calibrating delay loop (skipped) preset value.. 4799.99 BogoMIPS (lpj=9599992)
[    0.010154] pid_max: default: 32768 minimum: 301
[    0.012038] Security Framework initialized
[    0.013604] Yama: becoming mindful.
[    0.014695] AppArmor: AppArmor initialized
[    0.016000] Dentry cache hash table entries: 131072 (order: 8, 1048576 bytes)
[    0.016082] Inode-cache hash table entries: 65536 (order: 7, 524288 bytes)
[    0.020014] Mount-cache hash table entries: 2048 (order: 2, 16384 bytes)
[    0.024015] Mountpoint-cache hash table entries: 2048 (order: 2, 16384 bytes)
[    0.026119] Last level iTLB entries: 4KB 1024, 2MB 1024, 4MB 1024
[    0.027679] Last level dTLB entries: 4KB 1024, 2MB 1024, 4MB 1024, 1GB 4
[    0.028005] Spectre V1 : Mitigation: usercopy/swapgs barriers and __user pointer sanitization
[    0.032010] Spectre V2 : Mitigation: Full generic retpoline
[    0.033996] Spectre V2 : Spectre v2 / SpectreRSB mitigation: Filling RSB on context switch
[    0.036005] Speculative Store Bypass: Vulnerable
[    0.038122] MDS: Mitigation: Clear CPU buffers
[    0.040163] Freeing SMP alternatives memory: 36K
[    0.154817] smpboot: CPU0: Intel(R) Core(TM) i5-4258U CPU @ 2.40GHz (family: 0x6, model: 0x45, stepping: 0x1)
[    0.156000] Performance Events: unsupported p6 CPU model 69 no PMU driver, software events only.
[    0.156044] Hierarchical SRCU implementation.
[    0.158000] NMI watchdog: Perf event create on CPU 0 failed with -2
[    0.160003] NMI watchdog: Perf NMI watchdog permanently disabled
[    0.161784] smp: Bringing up secondary CPUs ...
[    0.164085] x86: Booting SMP configuration:
[    0.165343] .... node  #0, CPUs:      #1
[    0.004000] kvm-clock: cpu 1, msr 0:3ff44041, secondary cpu clock
[    0.180031] smp: Brought up 1 node, 2 CPUs
[    0.181275] smpboot: Max logical packages: 1
[    0.182730] smpboot: Total of 2 processors activated (9599.99 BogoMIPS)
[    0.184190] devtmpfs: initialized
[    0.185081] x86/mm: Memory block size: 128MB
[    0.188194] evm: security.selinux
[    0.189173] evm: security.SMACK64
[    0.190105] evm: security.SMACK64EXEC
[    0.191083] evm: security.SMACK64TRANSMUTE
[    0.192004] evm: security.SMACK64MMAP
[    0.193003] evm: security.apparmor
[    0.193916] evm: security.ima
[    0.194725] evm: security.capability
[    0.196087] clocksource: jiffies: mask: 0xffffffff max_cycles: 0xffffffff, max_idle_ns: 7645041785100000 ns
[    0.199588] futex hash table entries: 512 (order: 3, 32768 bytes)
[    0.201812] pinctrl core: initialized pinctrl subsystem
[    0.204132] RTC time:  7:38:06, date: 12/11/19
[    0.205513] NET: Registered protocol family 16
[    0.206758] audit: initializing netlink subsys (disabled)
[    0.208037] audit: type=2000 audit(1576049891.514:1): state=initialized audit_enabled=0 res=1
[    0.212013] cpuidle: using governor ladder
[    0.213495] cpuidle: using governor menu
[    0.214646] ACPI: bus type PCI registered
[    0.216004] acpiphp: ACPI Hot Plug PCI Controller Driver version: 0.5
[    0.217890] PCI: Using configuration type 1 for base access
[    0.221040] HugeTLB registered 2.00 MiB page size, pre-allocated 0 pages
[    0.224085] ACPI: Added _OSI(Module Device)
[    0.225234] ACPI: Added _OSI(Processor Device)
[    0.226396] ACPI: Added _OSI(3.0 _SCP Extensions)
[    0.227618] ACPI: Added _OSI(Processor Aggregator Device)
[    0.228010] ACPI: Added _OSI(Linux-Dell-Video)
[    0.229757] ACPI: Added _OSI(Linux-Lenovo-NV-HDMI-Audio)
[    0.232007] ACPI: Added _OSI(Linux-HPI-Hybrid-Graphics)
[    0.234033] ACPI: Executed 1 blocks of module-level executable AML code
[    0.240711] ACPI: Interpreter enabled
[    0.241795] ACPI: (supports S0 S5)
[    0.242776] ACPI: Using IOAPIC for interrupt routing
[    0.244106] PCI: Using host bridge windows from ACPI; if necessary, use "pci=nocrs" and report a bug
[    0.246745] ACPI: Enabled 2 GPEs in block 00 to 07
[    0.257321] ACPI: PCI Root Bridge [PCI0] (domain 0000 [bus 00-ff])
[    0.259561] acpi PNP0A03:00: _OSC: OS supports [ASPM ClockPM Segments MSI]
[    0.260474] acpi PNP0A03:00: _OSC: not requesting OS control; OS requires [ExtendedConfig ASPM ClockPM MSI]
[    0.264024] acpi PNP0A03:00: fail to add MMCONFIG information, can't access extended PCI configuration space under this bridge.
[    0.268536] PCI host bridge to bus 0000:00
[    0.269622] pci_bus 0000:00: root bus resource [io  0x0000-0x0cf7 window]
[    0.271743] pci_bus 0000:00: root bus resource [io  0x0d00-0xffff window]
[    0.272004] pci_bus 0000:00: root bus resource [mem 0x000a0000-0x000bffff window]
[    0.273961] pci_bus 0000:00: root bus resource [mem 0x40000000-0xfdffffff window]
[    0.276004] pci_bus 0000:00: root bus resource [bus 00-ff]
[    0.282905] pci 0000:00:01.1: legacy IDE quirk: reg 0x10: [io  0x01f0-0x01f7]
[    0.284004] pci 0000:00:01.1: legacy IDE quirk: reg 0x14: [io  0x03f6]
[    0.286175] pci 0000:00:01.1: legacy IDE quirk: reg 0x18: [io  0x0170-0x0177]
[    0.288005] pci 0000:00:01.1: legacy IDE quirk: reg 0x1c: [io  0x0376]
[    0.318215] pci 0000:00:07.0: quirk: [io  0x4000-0x403f] claimed by PIIX4 ACPI
[    0.320000] pci 0000:00:07.0: quirk: [io  0x4100-0x410f] claimed by PIIX4 SMB
[    0.340023] ACPI: PCI Interrupt Link [LNKA] (IRQs 5 9 10 *11)
[    0.342146] ACPI: PCI Interrupt Link [LNKB] (IRQs 5 9 *10 11)
[    0.343855] ACPI: PCI Interrupt Link [LNKC] (IRQs 5 *9 10 11)
[    0.344177] ACPI: PCI Interrupt Link [LNKD] (IRQs 5 9 10 *11)
[    0.348155] SCSI subsystem initialized
[    0.350013] pci 0000:00:02.0: vgaarb: setting as boot VGA device
[    0.350013] pci 0000:00:02.0: vgaarb: VGA device added: decodes=io+mem,owns=io+mem,locks=none
[    0.352008] pci 0000:00:02.0: vgaarb: bridge control possible
[    0.353499] vgaarb: loaded
[    0.356040] ACPI: bus type USB registered
[    0.357129] usbcore: registered new interface driver usbfs
[    0.358552] usbcore: registered new interface driver hub
[    0.360025] usbcore: registered new device driver usb
[    0.361566] EDAC MC: Ver: 3.0.0
[    0.361566] PCI: Using ACPI for IRQ routing
[    0.364489] NetLabel: Initializing
[    0.368003] NetLabel:  domain hash size = 128
[    0.369211] NetLabel:  protocols = UNLABELED CIPSOv4 CALIPSO
[    0.370721] NetLabel:  unlabeled traffic allowed by default
[    0.372104] clocksource: Switched to clocksource kvm-clock
[    0.388457] VFS: Disk quotas dquot_6.6.0
[    0.390096] VFS: Dquot-cache hash table entries: 512 (order 0, 4096 bytes)
[    0.392497] AppArmor: AppArmor Filesystem Enabled
[    0.393776] pnp: PnP ACPI init
[    0.397029] pnp: PnP ACPI: found 3 devices
[    0.409732] clocksource: acpi_pm: mask: 0xffffff max_cycles: 0xffffff, max_idle_ns: 2085701024 ns
[    0.412571] NET: Registered protocol family 2
[    0.414967] TCP established hash table entries: 8192 (order: 4, 65536 bytes)
[    0.417086] TCP bind hash table entries: 8192 (order: 5, 131072 bytes)
[    0.420343] TCP: Hash tables configured (established 8192 bind 8192)
[    0.422122] UDP hash table entries: 512 (order: 2, 16384 bytes)
[    0.423757] UDP-Lite hash table entries: 512 (order: 2, 16384 bytes)
[    0.425649] NET: Registered protocol family 1
[    0.427256] pci 0000:00:00.0: Limiting direct PCI/PCI transfers
[    0.429301] pci 0000:00:01.0: Activating ISA DMA hang workarounds
[    0.432298] pci 0000:00:02.0: Video device with shadowed ROM at [mem 0x000c0000-0x000dffff]
[    0.434753] Unpacking initramfs...
[    0.765922] Freeing initrd memory: 19696K
[    0.767199] clocksource: tsc: mask: 0xffffffffffffffff max_cycles: 0x229835b7123, max_idle_ns: 440795242976 ns
[    0.769991] platform rtc_cmos: registered platform RTC device (no PNP device found)
[    0.772036] Scanning for low memory corruption every 60 seconds
[    0.774580] Initialise system trusted keyrings
[    0.775835] Key type blacklist registered
[    0.777072] workingset: timestamp_bits=36 max_order=18 bucket_order=0
[    0.779672] zbud: loaded
[    0.781661] squashfs: version 4.0 (2009/01/31) Phillip Lougher
[    0.783536] fuse init (API version 7.26)
[    0.787088] Key type asymmetric registered
[    0.788957] Asymmetric key parser 'x509' registered
[    0.790359] Block layer SCSI generic (bsg) driver version 0.4 loaded (major 246)
[    0.792449] io scheduler noop registered
[    0.793576] io scheduler deadline registered
[    0.794811] io scheduler cfq registered (default)
[    0.796694] ACPI: AC Adapter [AC] (off-line)
[    0.798571] input: Power Button as /devices/LNXSYSTM:00/LNXPWRBN:00/input/input0
[    0.800693] ACPI: Power Button [PWRF]
[    0.801795] input: Sleep Button as /devices/LNXSYSTM:00/LNXSLPBN:00/input/input1
[    0.804289] ACPI: Sleep Button [SLPF]
[    0.807418] ACPI: Battery Slot [BAT0] (battery present)
[    0.808276] Serial: 8250/16550 driver, 32 ports, IRQ sharing enabled
[    0.832066] 00:02: ttyS0 at I/O 0x3f8 (irq = 4, base_baud = 115200) is a 16550A
[    0.835628] Linux agpgart interface v0.103
[    0.839696] loop: module loaded
[    0.841425] scsi host0: ata_piix
[    0.842701] scsi host1: ata_piix
[    0.843830] ata1: PATA max UDMA/33 cmd 0x1f0 ctl 0x3f6 bmdma 0xd000 irq 14
[    0.847167] ata2: PATA max UDMA/33 cmd 0x170 ctl 0x376 bmdma 0xd008 irq 15
[    0.849246] libphy: Fixed MDIO Bus: probed
[    0.850768] tun: Universal TUN/TAP device driver, 1.6
[    0.852246] PPP generic driver version 2.4.2
[    0.853685] ehci_hcd: USB 2.0 'Enhanced' Host Controller (EHCI) Driver
[    0.855432] ehci-pci: EHCI PCI platform driver
[    0.856651] ehci-platform: EHCI generic platform driver
[    0.858011] ohci_hcd: USB 1.1 'Open' Host Controller (OHCI) Driver
[    0.859592] ohci-pci: OHCI PCI platform driver
[    0.860875] ohci-platform: OHCI generic platform driver
[    0.862242] uhci_hcd: USB Universal Host Controller Interface driver
[    0.865786] i8042: PNP: PS/2 Controller [PNP0303:PS2K,PNP0f03:PS2M] at 0x60,0x64 irq 1,12
[    0.868715] serio: i8042 KBD port at 0x60,0x64 irq 1
[    0.870148] serio: i8042 AUX port at 0x60,0x64 irq 12
[    0.871580] mousedev: PS/2 mouse device common for all mice
[    0.873354] input: AT Translated Set 2 keyboard as /devices/platform/i8042/serio0/input/input2
[    0.876211] rtc_cmos rtc_cmos: rtc core: registered rtc_cmos as rtc0
[    0.877904] rtc_cmos rtc_cmos: alarms up to one day, 114 bytes nvram
[    0.879586] i2c /dev entries driver
[    0.881911] device-mapper: uevent: version 1.0.3
[    0.883378] device-mapper: ioctl: 4.37.0-ioctl (2017-09-20) initialised: dm-devel@redhat.com
[    0.885679] ledtrig-cpu: registered to indicate activity on CPUs
[    0.887702] NET: Registered protocol family 10
[    0.893372] Segment Routing with IPv6
[    0.894434] NET: Registered protocol family 17
[    0.895723] Key type dns_resolver registered
[    0.898982] mce: Using 0 MCE banks
[    0.900042] RAS: Correctable Errors collector initialized.
[    0.901580] sched_clock: Marking stable (901554881, 0)->(1194948554, -293393673)
[    0.904134] registered taskstats version 1
[    0.905241] Loading compiled-in X.509 certificates
[    0.910154] Loaded X.509 cert 'Build time autogenerated kernel key: 1859b0531897959199376c446a0bd70df75fd1fc'
[    0.913436] zswap: loaded using pool lzo/zbud
[    0.919642] Key type big_key registered
[    0.920814] Key type trusted registered
[    0.924176] Key type encrypted registered
[    0.925260] AppArmor: AppArmor sha1 policy hashing enabled
[    0.926678] ima: No TPM chip found, activating TPM-bypass! (rc=-19)
[    0.929083] ima: Allocated hash algorithm: sha1
[    0.934593] evm: HMAC attrs: 0x1
[    0.935938]   Magic number: 15:185:622
[    0.937463] rtc_cmos rtc_cmos: setting system clock to 2019-12-11 07:38:06 UTC (1576049886)
[    0.939985] BIOS EDD facility v0.16 2004-Jun-25, 0 devices found
[    0.942281] EDD information not available.
[    1.118499] Freeing unused kernel image memory: 2432K
[    1.132495] Write protecting the kernel read-only data: 20480k
[    1.135272] Freeing unused kernel image memory: 2008K
[    1.137575] Freeing unused kernel image memory: 1880K
[    1.151552] x86/mm: Checked W+X mappings: passed, no W+X pages found.
[    1.153596] x86/mm: Checking user space page tables
[    1.160994] x86/mm: Checked W+X mappings: passed, no W+X pages found.
Loading, please wait...
starting version 237
[    1.244033] e1000: Intel(R) PRO/1000 Network Driver - version 7.3.21-k8-NAPI
[    1.248264] e1000: Copyright (c) 1999-2006 Intel Corporation.
[    1.254127] Fusion MPT base driver 3.04.20
[    1.262261] Copyright (c) 1999-2008 LSI Corporation
[    1.286244] AVX2 version of gcm_enc/dec engaged.
[    1.287995] AES CTR mode by8 optimization enabled
[    1.317903] Fusion MPT SPI Host driver 3.04.20
[    1.322635] vboxvideo: loading out-of-tree module taints kernel.
[    1.332244] vboxvideo: module verification failed: signature and/or required key missing - tainting kernel
[    1.481597] input: ImExPS/2 Generic Explorer Mouse as /devices/platform/i8042/serio1/input/input4
[    1.736891] e1000 0000:00:03.0 eth0: (PCI:33MHz:32-bit) 02:12:8f:b5:56:32
[    1.738921] e1000 0000:00:03.0 eth0: Intel(R) PRO/1000 Network Connection
[    3.176807] e1000 0000:00:08.0 eth1: (PCI:33MHz:32-bit) 08:00:27:5f:7f:05
[    3.179292] e1000 0000:00:08.0 eth1: Intel(R) PRO/1000 Network Connection
[    3.185755] e1000 0000:00:03.0 enp0s3: renamed from eth0
[    3.188454] mptbase: ioc0: Initiating bringup
[    3.204912] e1000 0000:00:08.0 enp0s8: renamed from eth1
[    3.289455] ioc0: LSI53C1030 A0: Capabilities={Initiator}
[    3.534487] scsi host2: ioc0: LSI53C1030 A0, FwRev=00000000h, Ports=1, MaxQ=256, IRQ=20
[    3.704896] scsi 2:0:0:0: Direct-Access     VBOX     HARDDISK         1.0  PQ: 0 ANSI: 5
[    3.708492] [drm] VRAM 01000000
[    3.709884] [TTM] Zone  kernel: Available graphics memory: 504472 kiB
[    3.711881] [TTM] Initializing pool allocator
[    3.713409] [TTM] Initializing DMA pool allocator
[    3.717410] fbcon: vboxdrmfb (fb0) is primary device
[    3.719247] Console: switching to colour frame buffer device 100x37
[    3.722721] vboxvideo 0000:00:02.0: fb0: vboxdrmfb frame buffer device
[    3.736325] scsi target2:0:0: Beginning Domain Validation
[    3.740549] scsi target2:0:0: Domain Validation skipping write tests
[    3.742127] scsi target2:0:0: Ending Domain Validation
[    3.743492] scsi target2:0:0: asynchronous
[    3.744473] [drm] Initialized vboxvideo 1.0.0 20130823 for 0000:00:02.0 on minor 0
[    3.747333] scsi 2:0:1:0: Direct-Access     VBOX     HARDDISK         1.0  PQ: 0 ANSI: 5
[    3.784035] scsi target2:0:1: Beginning Domain Validation
[    3.788230] random: fast init done
[    3.790027] scsi target2:0:1: Domain Validation skipping write tests
[    3.791628] scsi target2:0:1: Ending Domain Validation
[    3.793232] scsi target2:0:1: asynchronous
[    3.801180] random: systemd-udevd: uninitialized urandom read (16 bytes read)
[    3.801253] sd 2:0:0:0: Attached scsi generic sg0 type 0
[    3.802999] random: systemd-udevd: uninitialized urandom read (16 bytes read)
[    3.805164] sd 2:0:1:0: Attached scsi generic sg1 type 0
[    3.806783] random: systemd-udevd: uninitialized urandom read (16 bytes read)
[    3.810798] sd 2:0:0:0: [sda] 20971520 512-byte logical blocks: (10.7 GB/10.0 GiB)
[    3.812900] sd 2:0:0:0: [sda] Write Protect is off
[    3.814337] sd 2:0:1:0: [sdb] 20480 512-byte logical blocks: (10.5 MB/10.0 MiB)
[    3.818545] sd 2:0:1:0: [sdb] Write Protect is off
[    3.818573] sd 2:0:0:0: [sda] Incomplete mode parameter data
[    3.821257] sd 2:0:1:0: [sdb] Incomplete mode parameter data
[    3.823005] sd 2:0:0:0: [sda] Assuming drive cache: write through
[    3.824968] sd 2:0:1:0: [sdb] Assuming drive cache: write through
[    3.832131]  sda: sda1
[    3.832972] sd 2:0:1:0: [sdb] Attached SCSI disk
[    3.836595] sd 2:0:0:0: [sda] Attached SCSI disk
Begin: Loading essential drivers ... [    4.052010] raid6: sse2x1   gen()  9311 MB/s
[    4.101156] raid6: sse2x1   xor()  6726 MB/s
[    4.148095] raid6: sse2x2   gen() 11152 MB/s
[    4.197751] raid6: sse2x2   xor()  7607 MB/s
[    4.244205] raid6: sse2x4   gen() 12556 MB/s
[    4.292142] raid6: sse2x4   xor()  8280 MB/s
[    4.340104] raid6: avx2x1   gen()  9204 MB/s
[    4.388144] raid6: avx2x1   xor()  5896 MB/s
[    4.436197] raid6: avx2x2   gen() 11596 MB/s
[    4.486929] raid6: avx2x2   xor() 13843 MB/s
[    4.532023] raid6: avx2x4   gen() 24152 MB/s
[    4.581825] raid6: avx2x4   xor() 15007 MB/s
[    4.583901] raid6: using algorithm avx2x4 gen() 24152 MB/s
[    4.585657] raid6: .... xor() 15007 MB/s, rmw enabled
[    4.587070] raid6: using avx2x2 recovery algorithm
[    4.589984] xor: automatically using best checksumming function   avx       
[    4.593461] async_tx: api initialized (async)
done.
Begin: Running /scripts/init-premount ... done.
Begin: Mounting root file system ... Begin: Running /scripts/local-top ... done.
Begin: Running /scripts/local-premount ... [    4.644762] Btrfs loaded, crc32c=crc32c-intel
Scanning for Btrfs filesystems
done.
Warning: fsck not present, so skipping root file system
[    4.686544] EXT4-fs (sda1): mounted filesystem with ordered data mode. Opts: (null)
done.
Begin: Running /scripts/local-bottom ... done.
Begin: Running /scripts/init-bottom ... done.
[    4.949217] ip_tables: (C) 2000-2006 Netfilter Core Team
[    4.964785] systemd[1]: systemd 237 running in system mode. (+PAM +AUDIT +SELINUX +IMA +APPARMOR +SMACK +SYSVINIT +UTMP +LIBCRYPTSETUP +GCRYPT +GNUTLS +ACL +XZ +LZ4 +SECCOMP +BLKID +ELFUTILS +KMOD -IDN2 +IDN -PCRE2 default-hierarchy=hybrid)
[    4.971287] systemd[1]: Detected virtualization oracle.
[    4.972856] systemd[1]: Detected architecture x86-64.

Welcome to [1mUbuntu 18.04.3 LTS[0m!

[    4.980933] systemd[1]: Set hostname to <ubuntu-bionic>.
[    5.359551] systemd[1]: Created slice System Slice.
[[0;32m  OK  [0m] Created slice System Slice.
[    5.362286] systemd[1]: Listening on Journal Socket (/dev/log).
[[0;32m  OK  [0m] Listening on Journal Socket (/dev/log).
[    5.366120] systemd[1]: Set up automount Arbitrary Executable File Formats File System Automount Point.
[[0;32m  OK  [0m] Set up automount Arbitrary Executab…rmats File System Automount Point.
[    5.371321] systemd[1]: Listening on Journal Socket.
[[0;32m  OK  [0m] Listening on Journal Socket.
[    5.374977] systemd[1]: Starting Set the console keyboard layout...
         Starting Set the console keyboard layout...
[    5.380745] systemd[1]: Starting Load Kernel Modules...
         Starting Load Kernel Modules...
[[0;32m  OK  [0m] Listening on udev Kernel Socket.
         Mounting POSIX Message Queue File System...
[[0;32m  OK  [0m] Started Forward Password Requests to Wall Directory Watch.
[[0;32m  OK  [0m] Listening on LVM2 metadata daemon socket.
[[0;32m  OK  [0m] Listening on Journal Audit Socket.
[[0;32m  OK  [0m] Listening on LVM2 poll daemon socket.
[[0;32m  OK  [0m] Listening on Network Service Netlink Socket.
         Starting Uncomplicated firewall...
[[0;32m  OK  [0m] Listening on Device-mapper event daemon FIFOs.
         Starting Monitoring of LVM2 mirrors…ng dmeventd or progress polling...
         Starting Remount Root and Kernel File Systems...
[[0;32m  OK  [0m] Reached target User and Group Name Lookups.
[[0;32m  OK  [0m] Listening on Syslog Socket.
[[0;32m  OK  [0m] Listening on /dev/initctl Compatibility Named Pipe.
[[0;32m  OK  [0m] Created slice User and Session Slice.
         Mounting Huge Pages File System...
[[0;32m  OK  [0m] Reached targ[    5.499458] Loading iSCSI transport class v2.0-870.
et Swap.
[    5.508024] EXT4-fs (sda1): re-mounted. Opts: (null)
[[0;32m  OK  [0m] Created slice system-serial\x2dgetty.slice.
         Starting Create list of required st…ce nodes for the current kernel...
[[0;32m  OK  [0m] Reached target Slices.
         Mounting Kernel Debug File System...
[[0;32m  OK  [0m] Reached target System Time Synchronized.
[    5.542678] iscsi: registered transport (tcp)
         Starting Journal Service...
[[0;32m  OK  [0m] Listening on udev Control Socket.
         Starting udev Coldplug all Devices...
[[0;32m  OK  [0m] Mounted POSIX Message Queue File System.
[[0;32m  OK  [0m] Started Uncomplicated firewall.
[[0;32m  OK  [0m] Started Remount Root and Kernel File Systems.
[[0;32m  OK  [0m] Mounted Huge Pages File System.
[[0;32m  OK  [0m] Started Create list of required sta…vice nodes for the current kernel.
[[0;32m  OK  [0m] Mounted Kernel Debug File System.
[[0;32m  OK  [0m] Started LVM2 metadata daemon.
         Starting Create Static Device Nodes in /dev...
         Starting Load/Save Random Seed...
[[0;32m  OK  [0m] Started Load/Save Random Seed.
[[0;32m  OK  [0m] Started Monitoring of LVM2 mirrors,…sing dmeventd or progress polling.
[[0;32m  OK  [0m] Started Create Static Device Nodes in /dev.
         Starting udev Kernel Device Manager...
[[0;32m  OK  [0m] Started udev Coldplug all Devices.
[    5.705138] iscsi: registered transport (iser)
[[0;32m  OK  [0m] Started Load Kernel Modules.
         Mounting Kernel Configuration File System...
         Mounting FUSE Control File System...
         Starting Apply Kernel Variables...
[[0;32m  OK  [0m] Started Journal Service.
[[0;32m  OK  [0m] Mounted Kernel Configuration File System.
[[0;32m  OK  [0m] Mounted FUSE Control File System.
         Starting Flush Journal to Persistent Storage...
[[0;32m  OK  [0m] Started Set the console keyboard layout.
[[0;32m  OK  [0m] Reached target Local File Systems (Pre).
[[0;32m  OK  [0m] Reached target Local File Systems.
         Starting ebtables ruleset management...
         Starting Tell Plymouth To Write Out Runtime Data...
         Starting AppArmor initialization...
         Starting Set console font and keymap...
[[0;32m  OK  [0m] Started udev Kernel Device Manager.
[[0;32m  OK  [0m] Started Dispatch Password Requests to Console Directory Watch.
[[0;32m  OK  [0m] Reached target Local Encrypted Volumes.
[[0;32m  OK  [0m] Started Apply Kernel Variables.
[[0;32m  OK  [0m] Started Tell Plymouth To Write Out Runtime Data.
[[0;32m  OK  [0m] Started Set console font and keymap.
[[0;32m  OK  [0m] Started Flush Journal to Persistent Storage.
         Starting Create Volatile Files and Directories...
[[0;32m  OK  [0m] Started ebtables ruleset management.
[[0;32m  OK  [0m] Started Create Volatile Files and Directories.
         Starting Update UTMP about System Boot/Shutdown...
[[0;32m  OK  [0m] Started Update UTMP about System Boot/Shutdown.
[[0;32m  OK  [0m] Found device /dev/ttyS0.
[[0;32m  OK  [0m] Listening on Load/Save RF Kill Switch Status /dev/rfkill Watch.
[[0;32m  OK  [0m] Started AppArmor initialization.
         Starting Initial cloud-init job (pre-networking)...
[    7.982572] cloud-init[522]: Cloud-init v. 19.2-36-g059d049c-0ubuntu2~18.04.1 running 'init-local' at Wed, 11 Dec 2019 07:38:13 +0000. Up 7.69 seconds.
[[0;32m  OK  [0m] Started Initial cloud-init job (pre-networking).
[[0;32m  OK  [0m] Reached target Network (Pre).
         Starting Network Service...
[[0;32m  OK  [0m] Started Network Service.
         Starting Wait for Network to be Configured...
         Starting Network Name Resolution...
[[0;32m  OK  [0m] Started Network Name Resolution.
[[0;32m  OK  [0m] Reached target Network.
[[0;32m  OK  [0m] Reached target Host and Network Name Lookups.
[[0;32m  OK  [0m] Started Wait for Network to be Configured.
         Starting Initial cloud-init job (metadata service crawler)...
[   10.510618] cloud-init[695]: Cloud-init v. 19.2-36-g059d049c-0ubuntu2~18.04.1 running 'init' at Wed, 11 Dec 2019 07:38:15 +0000. Up 10.35 seconds.
[   10.514594] cloud-init[695]: ci-info: ++++++++++++++++++++++++++++++++++++++Net device info+++++++++++++++++++++++++++++++++++++++
[   10.520384] cloud-init[695]: ci-info: +--------+------+-----------------------------+---------------+--------+-------------------+
[   10.523811] cloud-init[695]: ci-info: | Device |  Up  |           Address           |      Mask     | Scope  |     Hw-Address    |
[   10.527803] cloud-init[695]: ci-info: +--------+------+-----------------------------+---------------+--------+-------------------+
[   10.532047] cloud-init[695]: ci-info: | enp0s3 | True |          10.0.2.15          | 255.255.255.0 | global | 02:12:8f:b5:56:32 |
[   10.537919] cloud-init[695]: ci-info: | enp0s3 | True |  fe80::12:8fff:feb5:5632/64 |       .       |  link  | 02:12:8f:b5:56:32 |
[   10.541194] cloud-init[695]: ci-info: | enp0s8 | True |        192.168.33.10        | 255.255.255.0 | global | 08:00:27:5f:7f:05 |
[   10.544419] cloud-init[695]: ci-info: | enp0s8 | True | fe80::a00:27ff:fe5f:7f05/64 |       .       |  link  | 08:00:27:5f:7f:05 |
[   10.547526] cloud-init[695]: ci-info: |   lo   | True |          127.0.0.1          |   255.0.0.0   |  host  |         .         |
[   10.550736] cloud-init[695]: ci-info: |   lo   | True |           ::1/128           |       .       |  host  |         .         |
[   10.554496] cloud-init[695]: ci-info: +--------+------+-----------------------------+---------------+--------+-------------------+
[   10.557557] cloud-init[695]: ci-info: +++++++++++++++++++++++++++++Route IPv4 info+++++++++++++++++++++++++++++
[   10.560333] cloud-init[695]: ci-info: +-------+--------------+----------+-----------------+-----------+-------+
[   10.562891] cloud-init[695]: ci-info: | Route | Destination  | Gateway  |     Genmask     | Interface | Flags |
[   10.565490] cloud-init[695]: ci-info: +-------+--------------+----------+-----------------+-----------+-------+
[   10.567642] cloud-init[695]: ci-info: |   0   |   0.0.0.0    | 10.0.2.2 |     0.0.0.0     |   enp0s3  |   UG  |
[   10.573665] cloud-init[695]: ci-info: |   1   |   10.0.2.0   | 0.0.0.0  |  255.255.255.0  |   enp0s3  |   U   |
[   10.575787] cloud-init[695]: ci-info: |   2   |   10.0.2.2   | 0.0.0.0  | 255.255.255.255 |   enp0s3  |   UH  |
[   10.577773] cloud-init[695]: ci-info: |   3   | 192.168.33.0 | 0.0.0.0  |  255.255.255.0  |   enp0s8  |   U   |
[   10.580021] cloud-init[695]: ci-info: +-------+--------------+----------+-----------------+-----------+-------+
[   10.581864] cloud-init[695]: ci-info: +++++++++++++++++++Route IPv6 info+++++++++++++++++++
[   10.584560] cloud-init[695]: ci-info: +-------+-------------+---------+-----------+-------+
[   10.587404] cloud-init[695]: ci-info: | Route | Destination | Gateway | Interface | Flags |
[   10.589713] cloud-init[695]: ci-info: +-------+-------------+---------+-----------+-------+
[   10.591553] cloud-init[695]: ci-info: |   1   |  fe80::/64  |    ::   |   enp0s8  |   U   |
[   10.593735] cloud-init[695]: ci-info: |   2   |  fe80::/64  |    ::   |   enp0s3  |   U   |
[   10.595952] cloud-init[695]: ci-info: |   4   |    local    |    ::   |   enp0s3  |   U   |
[   10.598282] cloud-init[695]: ci-info: |   5   |    local    |    ::   |   enp0s8  |   U   |
[   10.600401] cloud-init[695]: ci-info: |   6   |   ff00::/8  |    ::   |   enp0s8  |   U   |
[   10.603096] cloud-init[695]: ci-info: |   7   |   ff00::/8  |    ::   |   enp0s3  |   U   |
[   10.604909] cloud-init[695]: ci-info: +-------+-------------+---------+-----------+-------+
[[0;32m  OK  [0m] Started Initial cloud-init job (metadata service crawler).
[[0;32m  OK  [0m] Reached target Cloud-config availability.
[[0;32m  OK  [0m] Reached target System Initialization.
[[0;32m  OK  [0m] Started Discard unused blocks once a week.
[[0;32m  OK  [0m] Listening on D-Bus System Message Bus Socket.
[[0;32m  OK  [0m] Started Message of the Day.
[[0;32m  OK  [0m] Listening on ACPID Listen Socket.
[[0;32m  OK  [0m] Started Daily Cleanup of Temporary Directories.
[[0;32m  OK  [0m] Started Daily apt download activities.
[[0;32m  OK  [0m] Listening on UUID daemon activation socket.
[[0;32m  OK  [0m] Started ACPI Events Check.
         Starting LXD - unix socket.
         Starting Socket activation for snappy daemon.
[[0;32m  OK  [0m] Listening on Open-iSCSI iscsid Socket.
[[0;32m  OK  [0m] Reached target Paths.
[[0;32m  OK  [0m] Started Daily apt upgrade and clean activities.
[[0;32m  OK  [0m] Reached target Timers.
[[0;32m  OK  [0m] Reached target Network is Online.
         Starting Availability of block devices...
[[0;32m  OK  [0m] Reached target Remote File Systems (Pre).
[[0;32m  OK  [0m] Reached target Remote File Systems.
[[0;32m  OK  [0m] Listening on LXD - unix socket.
[[0;32m  OK  [0m] Listening on Socket activation for snappy daemon.
[[0;32m  OK  [0m] Reached target Sockets.
[[0;32m  OK  [0m] Reached target Basic System.
         Starting vboxadd.service...
         Starting Login Service...
         Starting Accounts Service...
         Starting Permit User Sessions...
         Starting System Logging Service...
[[0;32m  OK  [0m] Started Deferred execution scheduler.
[[0;32m  OK  [0m] Started irqbalance daemon.
         Starting LSB: automatic crash report generation...
         Starting Dispatcher daemon for systemd-networkd...
         Starting LXD - container startup/shutdown...
         Starting LSB: Record successful boot for GRUB...
[[0;32m  OK  [0m] Started D-Bus System Message Bus.
[[0;32m  OK  [0m] Started Login Service.
[[0;32m  OK  [0m] Started Unattended Upgrades Shutdown.
         Starting Snappy daemon...
[[0;32m  OK  [0m] Started Regular background program processing daemon.
         Starting OpenBSD Secure Shell server...
[[0;32m  OK  [0m] Started FUSE filesystem for LXC.
[[0;32m  OK  [0m] Started System Logging Service.
[[0;32m  OK  [0m] Started Availability of block devices.
[[0;32m  OK  [0m] Started Permit User Sessions.
         Starting Hold until boot process finishes up...
         Starting Terminate Plymouth Boot Screen...
[[0;32m  OK  [0m] Started Hold until boot process finishes up.
         Starting Set console scheme...
[[0;32m  OK  [0m] Started Serial Getty on ttyS0.
[[0;32m  OK  [0m] Started Terminate Plymouth Boot Screen.
[[0;32m  OK  [0m] Started Set console scheme.
[[0;32m  OK  [0m] Created slice system-getty.slice.
[[0;32m  OK  [0m] Started Getty on tty1.
[[0;32m  OK  [0m] Reached target Login Prompts.
[[0;32m  OK  [0m] Started LSB: automatic crash report generation.
[[0;32m  OK  [0m] Started LSB: Record successful boot for GRUB.
[[0;32m  OK  [0m] Started OpenBSD Secure Shell server.
         Starting Authorization Manager...
[[0;32m  OK  [0m] Started LXD - container startup/shutdown.
[[0;32m  OK  [0m] Started Authorization Manager.
[[0;32m  OK  [0m] Started Accounts Service.
[[0;32m  OK  [0m] Created slice User Slice of vagrant.
[[0;32m  OK  [0m] Started Dispatcher daemon for systemd-networkd.
[[0;32m  OK  [0m] Started Session 1 of user vagrant.
         Starting User Manager for UID 1000...
[[0;32m  OK  [0m] Started Snappy daemon.
         Starting Wait until snapd is fully seeded...
[[0;32m  OK  [0m] Started Wait until snapd is fully seeded.
         Starting Apply the settings specified in cloud-config...
[[0;32m  OK  [0m] Started User Manager for UID 1000.
[   13.743006] cloud-init[1086]: Cloud-init v. 19.2-36-g059d049c-0ubuntu2~18.04.1 running 'modules:config' at Wed, 11 Dec 2019 07:38:19 +0000. Up 13.44 seconds.
[[0;32m  OK  [0m] Started Apply the settings specified in cloud-config.
[[0;32m  OK  [0m] Started vboxadd.service.
         Starting vboxadd-service.service...
[[0;32m  OK  [0m] Started vboxadd-service.service.
[[0;32m  OK  [0m] Reached target Multi-User System.
         Starting Execute cloud user/final scripts...
[[0;32m  OK  [0m] Reached target Graphical Interface.
         Starting Update UTMP about System Runlevel Changes...
[[0;32m  OK  [0m] Started Update UTMP about System Runlevel Changes.
[   15.458046] cloud-init[1256]: Cloud-init v. 19.2-36-g059d049c-0ubuntu2~18.04.1 running 'modules:final' at Wed, 11 Dec 2019 07:38:20 +0000. Up 15.32 seconds.
[   15.462491] cloud-init[1256]: Cloud-init v. 19.2-36-g059d049c-0ubuntu2~18.04.1 finished at Wed, 11 Dec 2019 07:38:21 +0000. Datasource DataSourceNoCloud [seed=/dev/sdb][dsmode=net].  Up 15.44 seconds
[[0;32m  OK  [0m] Started Execute cloud user/final scripts.
[[0;32m  OK  [0m] Reached target Cloud-init target.

Ubuntu 18.04.3 LTS ubuntu-bionic ttyS0

ubuntu-bionic login: 